2022-01-13 09:52:08,404 <INFO> : executeGetRequest requests success:https://www.kyodo.co.jp
2022-01-13 09:52:13,175 <INFO> : executeGetRequest requests success:https://www.itmedia.co.jp/mobile
2022-01-13 09:52:16,343 <INFO> : executeGetRequest requests success:https://magmix.jp/
2022-01-13 09:52:19,523 <INFO> : executeGetRequest requests success:https://magmix.jp
2022-01-13 09:52:23,372 <INFO> : executeGetRequest requests success:https://jbpress.ismedia.jp/
2022-01-13 09:52:28,545 <INFO> : executeGetRequest requests success:https://jbpress.ismedia.jp/subcategory/%E3%83%A9%E3%82%A4%E3%83%95%E3%83%BB%E6%95%99%E9%A4%8A
2022-01-13 09:52:31,793 <INFO> : executeGetRequest requests success:https://www.stv.jp/news/index.html
2022-01-13 09:52:35,250 <INFO> : executeGetRequest requests success:https://www.nikkansports.com/sports/news/
2022-01-13 09:52:38,542 <INFO> : executeGetRequest requests success:https://citrus-net.jp/
2022-01-13 09:52:42,354 <INFO> : executeGetRequest requests success:https://travel.rakuten.co.jp/mytrip/
2022-01-13 09:52:46,206 <INFO> : executeGetRequest requests success:https://autograph.ismedia.jp/
2022-01-13 14:04:54,339 <INFO> : executeGetRequest requests success:https://www.kyodo.co.jp
2022-01-13 14:04:59,889 <INFO> : executeGetRequest requests success:https://www.itmedia.co.jp/mobile
2022-01-13 14:05:03,123 <INFO> : executeGetRequest requests success:https://magmix.jp/
2022-01-13 14:05:06,339 <INFO> : executeGetRequest requests success:https://magmix.jp
2022-01-13 14:05:17,963 <INFO> : executeGetRequest requests success:https://jbpress.ismedia.jp/
2022-01-13 14:05:23,102 <INFO> : executeGetRequest requests success:https://jbpress.ismedia.jp/subcategory/%E3%83%A9%E3%82%A4%E3%83%95%E3%83%BB%E6%95%99%E9%A4%8A
2022-01-13 14:05:26,453 <INFO> : executeGetRequest requests success:https://www.stv.jp/news/index.html
2022-01-13 14:05:30,089 <INFO> : executeGetRequest requests success:https://www.nikkansports.com/sports/news/
2022-01-13 14:05:33,380 <INFO> : executeGetRequest requests success:https://citrus-net.jp/
2022-01-13 14:05:37,201 <INFO> : executeGetRequest requests success:https://travel.rakuten.co.jp/mytrip/
2022-01-13 14:05:41,103 <INFO> : executeGetRequest requests success:https://autograph.ismedia.jp
