2022-01-14 01:47:12,694 <INFO> : executeGetRequest requests success:https://www.kyodo.co.jp
2022-01-14 01:47:17,653 <INFO> : executeGetRequest requests success:https://www.itmedia.co.jp/mobile
2022-01-14 01:47:20,898 <INFO> : executeGetRequest requests success:https://magmix.jp/
2022-01-14 01:47:24,431 <INFO> : executeGetRequest requests success:https://magmix.jp
2022-01-14 01:47:28,430 <INFO> : executeGetRequest requests success:https://jbpress.ismedia.jp/
2022-01-14 01:47:35,129 <INFO> : executeGetRequest requests success:https://jbpress.ismedia.jp/subcategory/%E3%83%A9%E3%82%A4%E3%83%95%E3%83%BB%E6%95%99%E9%A4%8A
2022-01-14 01:47:38,498 <INFO> : executeGetRequest requests success:https://www.stv.jp/news/index.html
2022-01-14 01:47:42,190 <INFO> : executeGetRequest requests success:https://www.nikkansports.com/sports/news/
2022-01-14 01:47:45,515 <INFO> : executeGetRequest requests success:https://citrus-net.jp/
2022-01-14 01:47:49,277 <INFO> : executeGetRequest requests success:https://travel.rakuten.co.jp/mytrip/
2022-01-14 01:47:53,238 <INFO> : executeGetRequest requests success:https://autograph.ismedia.jp
2022-01-14 01:54:25,470 <INFO> : executeGetRequest requests success:https://www.kyodo.co.jp
2022-01-14 01:54:29,098 <INFO> : executeGetRequest requests success:https://www.itmedia.co.jp/mobile
2022-01-14 01:54:32,340 <INFO> : executeGetRequest requests success:https://magmix.jp/
2022-01-14 01:54:35,547 <INFO> : executeGetRequest requests success:https://magmix.jp
2022-01-14 01:54:39,160 <INFO> : executeGetRequest requests success:https://jbpress.ismedia.jp/
2022-01-14 01:54:44,248 <INFO> : executeGetRequest requests success:https://jbpress.ismedia.jp/subcategory/%E3%83%A9%E3%82%A4%E3%83%95%E3%83%BB%E6%95%99%E9%A4%8A
2022-01-14 01:54:48,698 <INFO> : executeGetRequest requests success:https://www.stv.jp/news/index.html
2022-01-14 01:54:52,094 <INFO> : executeGetRequest requests success:https://www.nikkansports.com/sports/news/
2022-01-14 01:54:55,297 <INFO> : executeGetRequest requests success:https://citrus-net.jp/
2022-01-14 01:54:58,736 <INFO> : executeGetRequest requests success:https://travel.rakuten.co.jp/mytrip/
2022-01-14 01:55:02,461 <INFO> : executeGetRequest requests success:https://autograph.ismedia.jp
2022-01-14 15:37:13,484 <INFO> : executeGetRequest requests success:https://www.kyodo.co.jp
2022-01-14 15:37:17,004 <INFO> : executeGetRequest requests success:https://www.itmedia.co.jp/mobile
2022-01-14 15:37:20,396 <INFO> : executeGetRequest requests success:https://magmix.jp/
2022-01-14 15:37:23,570 <INFO> : executeGetRequest requests success:https://magmix.jp
2022-01-14 15:37:30,404 <INFO> : executeGetRequest requests success:https://jbpress.ismedia.jp/
2022-01-14 15:37:35,401 <INFO> : executeGetRequest requests success:https://jbpress.ismedia.jp/subcategory/%E3%83%A9%E3%82%A4%E3%83%95%E3%83%BB%E6%95%99%E9%A4%8A
2022-01-14 15:37:38,521 <INFO> : executeGetRequest requests success:https://www.stv.jp/news/index.html
2022-01-14 15:37:41,818 <INFO> : executeGetRequest requests success:https://www.nikkansports.com/sports/news/
2022-01-14 15:37:44,999 <INFO> : executeGetRequest requests success:https://citrus-net.jp/
2022-01-14 15:37:48,358 <INFO> : executeGetRequest requests success:https://travel.rakuten.co.jp/mytrip/
2022-01-14 15:37:52,486 <INFO> : executeGetRequest requests success:https://autograph.ismedia.jp
2022-01-14 16:12:01,775 <INFO> : executeGetRequest requests success:https://www.kyodo.co.jp
2022-01-14 16:12:06,832 <INFO> : executeGetRequest requests success:https://www.itmedia.co.jp/mobile
2022-01-14 16:12:10,066 <INFO> : executeGetRequest requests success:https://magmix.jp/
2022-01-14 16:12:13,250 <INFO> : executeGetRequest requests success:https://magmix.jp
2022-01-14 16:12:17,231 <INFO> : executeGetRequest requests success:https://jbpress.ismedia.jp/
2022-01-14 16:12:22,234 <INFO> : executeGetRequest requests success:https://jbpress.ismedia.jp/subcategory/%E3%83%A9%E3%82%A4%E3%83%95%E3%83%BB%E6%95%99%E9%A4%8A
2022-01-14 16:12:25,465 <INFO> : executeGetRequest requests success:https://www.stv.jp/news/index.html
2022-01-14 16:12:28,919 <INFO> : executeGetRequest requests success:https://www.nikkansports.com/sports/news/
2022-01-14 16:12:32,137 <INFO> : executeGetRequest requests success:https://citrus-net.jp/
2022-01-14 16:12:36,035 <INFO> : executeGetRequest requests success:https://travel.rakuten.co.jp/mytrip/
2022-01-14 16:12:39,918 <INFO> : executeGetRequest requests success:https://autograph.ismedia.jp
2022-01-14 16:30:24,230 <INFO> : executeGetRequest requests success:https://www.kyodo.co.jp
2022-01-14 16:30:27,771 <INFO> : executeGetRequest requests success:https://www.itmedia.co.jp/mobile
2022-01-14 16:30:30,980 <INFO> : executeGetRequest requests success:https://magmix.jp/
2022-01-14 16:30:34,140 <INFO> : executeGetRequest requests success:https://magmix.jp
2022-01-14 16:30:37,660 <INFO> : executeGetRequest requests success:https://jbpress.ismedia.jp/
2022-01-14 16:30:41,204 <INFO> : executeGetRequest requests success:https://jbpress.ismedia.jp/subcategory/%E3%83%A9%E3%82%A4%E3%83%95%E3%83%BB%E6%95%99%E9%A4%8A
2022-01-14 16:30:44,344 <INFO> : executeGetRequest requests success:https://www.stv.jp/news/index.html
2022-01-14 16:30:47,630 <INFO> : executeGetRequest requests success:https://www.nikkansports.com/sports/news/
2022-01-14 16:30:50,784 <INFO> : executeGetRequest requests success:https://citrus-net.jp/
2022-01-14 16:30:54,137 <INFO> : executeGetRequest requests success:https://travel.rakuten.co.jp/mytrip/
2022-01-14 16:30:58,261 <INFO> : executeGetRequest requests success:https://autograph.ismedia.jp
2022-01-14 16:36:25,161 <INFO> : executeGetRequest requests success:https://www.kyodo.co.jp
2022-01-14 16:36:29,070 <INFO> : executeGetRequest requests success:https://www.itmedia.co.jp/mobile
2022-01-14 16:36:32,231 <INFO> : executeGetRequest requests success:https://magmix.jp/
2022-01-14 16:36:35,367 <INFO> : executeGetRequest requests success:https://magmix.jp
2022-01-14 16:36:38,835 <INFO> : executeGetRequest requests success:https://jbpress.ismedia.jp/
2022-01-14 16:36:45,316 <INFO> : executeGetRequest requests success:https://jbpress.ismedia.jp/subcategory/%E3%83%A9%E3%82%A4%E3%83%95%E3%83%BB%E6%95%99%E9%A4%8A
2022-01-14 16:36:48,462 <INFO> : executeGetRequest requests success:https://www.stv.jp/news/index.html
2022-01-14 16:36:51,783 <INFO> : executeGetRequest requests success:https://www.nikkansports.com/sports/news/
2022-01-14 16:36:54,923 <INFO> : executeGetRequest requests success:https://citrus-net.jp/
2022-01-14 16:36:58,275 <INFO> : executeGetRequest requests success:https://travel.rakuten.co.jp/mytrip/
2022-01-14 16:37:01,871 <INFO> : executeGetRequest requests success:https://autograph.ismedia.jp
2022-01-14 17:26:13,056 <INFO> : executeGetRequest requests success:https://www.kyodo.co.jp
2022-01-14 17:26:16,495 <INFO> : executeGetRequest requests success:https://www.itmedia.co.jp/mobile
2022-01-14 17:26:19,616 <INFO> : executeGetRequest requests success:https://magmix.jp/
2022-01-14 17:26:22,757 <INFO> : executeGetRequest requests success:https://magmix.jp
2022-01-14 17:26:26,169 <INFO> : executeGetRequest requests success:https://jbpress.ismedia.jp/
2022-01-14 17:26:29,605 <INFO> : executeGetRequest requests success:https://jbpress.ismedia.jp/subcategory/%E3%83%A9%E3%82%A4%E3%83%95%E3%83%BB%E6%95%99%E9%A4%8A
2022-01-14 17:26:32,716 <INFO> : executeGetRequest requests success:https://www.stv.jp/news/index.html
2022-01-14 17:26:35,971 <INFO> : executeGetRequest requests success:https://www.nikkansports.com/sports/news/
2022-01-14 17:26:39,123 <INFO> : executeGetRequest requests success:https://citrus-net.jp/
2022-01-14 17:26:42,400 <INFO> : executeGetRequest requests success:https://travel.rakuten.co.jp/mytrip/
2022-01-14 17:26:45,960 <INFO> : executeGetRequest requests success:https://autograph.ismedia.jp
2022-01-14 17:32:22,033 <INFO> : executeGetRequest requests success:https://www.kyodo.co.jp
2022-01-14 17:32:25,577 <INFO> : executeGetRequest requests success:https://www.itmedia.co.jp/mobile
2022-01-14 17:32:29,003 <INFO> : executeGetRequest requests success:https://magmix.jp/
2022-01-14 17:32:32,139 <INFO> : executeGetRequest requests success:https://magmix.jp
2022-01-14 17:32:35,544 <INFO> : executeGetRequest requests success:https://jbpress.ismedia.jp/
2022-01-14 17:32:40,666 <INFO> : executeGetRequest requests success:https://jbpress.ismedia.jp/subcategory/%E3%83%A9%E3%82%A4%E3%83%95%E3%83%BB%E6%95%99%E9%A4%8A
2022-01-14 17:32:43,855 <INFO> : executeGetRequest requests success:https://www.stv.jp/news/index.html
2022-01-14 17:32:47,210 <INFO> : executeGetRequest requests success:https://www.nikkansports.com/sports/news/
2022-01-14 17:32:50,381 <INFO> : executeGetRequest requests success:https://citrus-net.jp/
2022-01-14 17:32:53,725 <INFO> : executeGetRequest requests success:https://travel.rakuten.co.jp/mytrip/
2022-01-14 17:32:57,280 <INFO> : executeGetRequest requests success:https://autograph.ismedia.jp
2022-01-14 17:34:42,063 <INFO> : executeGetRequest requests success:https://www.kyodo.co.jp
2022-01-14 17:34:45,530 <INFO> : executeGetRequest requests success:https://www.itmedia.co.jp/mobile
2022-01-14 17:34:48,945 <INFO> : executeGetRequest requests success:https://magmix.jp/
2022-01-14 17:34:52,076 <INFO> : executeGetRequest requests success:https://magmix.jp
2022-01-14 17:34:55,533 <INFO> : executeGetRequest requests success:https://jbpress.ismedia.jp/
2022-01-14 17:34:58,947 <INFO> : executeGetRequest requests success:https://jbpress.ismedia.jp/subcategory/%E3%83%A9%E3%82%A4%E3%83%95%E3%83%BB%E6%95%99%E9%A4%8A
2022-01-14 17:35:02,086 <INFO> : executeGetRequest requests success:https://www.stv.jp/news/index.html
2022-01-14 17:35:05,363 <INFO> : executeGetRequest requests success:https://www.nikkansports.com/sports/news/
2022-01-14 17:35:08,488 <INFO> : executeGetRequest requests success:https://citrus-net.jp/
2022-01-14 17:35:12,853 <INFO> : executeGetRequest requests success:https://travel.rakuten.co.jp/mytrip/
2022-01-14 17:35:16,523 <INFO> : executeGetRequest requests success:https://autograph.ismedia.jp
2022-01-14 23:51:32,846 <INFO> : executeGetRequest requests success:https://www.kyodo.co.jp
2022-01-14 23:51:36,221 <INFO> : executeGetRequest requests success:https://www.itmedia.co.jp/mobile
2022-01-14 23:51:39,374 <INFO> : executeGetRequest requests success:https://magmix.jp/
2022-01-14 23:51:42,495 <INFO> : executeGetRequest requests success:https://magmix.jp
2022-01-14 23:51:46,022 <INFO> : executeGetRequest requests success:https://jbpress.ismedia.jp/
2022-01-14 23:51:51,269 <INFO> : executeGetRequest requests success:https://jbpress.ismedia.jp/subcategory/%E3%83%A9%E3%82%A4%E3%83%95%E3%83%BB%E6%95%99%E9%A4%8A
2022-01-14 23:51:54,438 <INFO> : executeGetRequest requests success:https://www.stv.jp/news/index.html
2022-01-14 23:53:04,698 <INFO> : executeGetRequest requests success:https://www.kyodo.co.jp
2022-01-14 23:53:08,157 <INFO> : executeGetRequest requests success:https://www.itmedia.co.jp/mobile
2022-01-14 23:53:11,647 <INFO> : executeGetRequest requests success:https://magmix.jp/
2022-01-14 23:53:14,808 <INFO> : executeGetRequest requests success:https://magmix.jp
2022-01-14 23:53:18,273 <INFO> : executeGetRequest requests success:https://jbpress.ismedia.jp/
2022-01-14 23:53:21,811 <INFO> : executeGetRequest requests success:https://jbpress.ismedia.jp/subcategory/%E3%83%A9%E3%82%A4%E3%83%95%E3%83%BB%E6%95%99%E9%A4%8A
2022-01-14 23:53:24,919 <INFO> : executeGetRequest requests success:https://www.stv.jp/news/index.html
2022-01-14 23:53:28,360 <INFO> : executeGetRequest requests success:https://www.nikkansports.com/sports/news/
2022-01-14 23:53:31,490 <INFO> : executeGetRequest requests success:https://citrus-net.jp/
2022-01-14 23:53:34,766 <INFO> : executeGetRequest requests success:https://travel.rakuten.co.jp/mytrip/
2022-01-14 23:53:38,781 <INFO> : executeGetRequest requests success:https://autograph.ismedia.jp
2022-01-14 23:57:18,571 <INFO> : executeGetRequest requests success:https://www.kyodo.co.jp
2022-01-14 23:57:22,045 <INFO> : executeGetRequest requests success:https://www.itmedia.co.jp/mobile
2022-01-14 23:57:25,229 <INFO> : executeGetRequest requests success:https://magmix.jp/
2022-01-14 23:57:28,371 <INFO> : executeGetRequest requests success:https://magmix.jp
2022-01-14 23:57:31,930 <INFO> : executeGetRequest requests success:https://jbpress.ismedia.jp/
2022-01-14 23:57:37,260 <INFO> : executeGetRequest requests success:https://jbpress.ismedia.jp/subcategory/%E3%83%A9%E3%82%A4%E3%83%95%E3%83%BB%E6%95%99%E9%A4%8A
2022-01-14 23:57:40,426 <INFO> : executeGetRequest requests success:https://www.stv.jp/news/index.html
2022-01-14 23:57:44,064 <INFO> : executeGetRequest requests success:https://www.nikkansports.com/sports/news/
2022-01-14 23:57:47,206 <INFO> : executeGetRequest requests success:https://citrus-net.jp/
2022-01-14 23:57:50,531 <INFO> : executeGetRequest requests success:https://travel.rakuten.co.jp/mytrip/
2022-01-14 23:57:54,153 <INFO> : executeGetRequest requests success:https://autograph.ismedia.jp
2022-01-14 23:58:22,241 <INFO> : executeGetRequest requests success:https://www.kyodo.co.jp
2022-01-14 23:58:25,696 <INFO> : executeGetRequest requests success:https://www.itmedia.co.jp/mobile
2022-01-14 23:58:28,835 <INFO> : executeGetRequest requests success:https://magmix.jp/
2022-01-14 23:58:31,953 <INFO> : executeGetRequest requests success:https://magmix.jp
2022-01-14 23:58:39,146 <INFO> : executeGetRequest requests success:https://jbpress.ismedia.jp/
2022-01-14 23:58:42,690 <INFO> : executeGetRequest requests success:https://jbpress.ismedia.jp/subcategory/%E3%83%A9%E3%82%A4%E3%83%95%E3%83%BB%E6%95%99%E9%A4%8A
2022-01-14 23:58:45,809 <INFO> : executeGetRequest requests success:https://www.stv.jp/news/index.html
2022-01-14 23:58:49,288 <INFO> : executeGetRequest requests success:https://www.nikkansports.com/sports/news/
2022-01-14 23:58:52,414 <INFO> : executeGetRequest requests success:https://citrus-net.jp/
2022-01-14 23:58:55,667 <INFO> : executeGetRequest requests success:https://travel.rakuten.co.jp/mytrip/
