2022-01-27 21:40:37,677 <INFO> : executeGetRequest requests success:https://www.kyodo.co.jp
2022-01-27 21:40:41,301 <INFO> : executeGetRequest requests success:https://www.itmedia.co.jp/mobile
2022-01-27 21:40:44,456 <INFO> : executeGetRequest requests success:https://magmix.jp/
2022-01-27 21:40:47,599 <INFO> : executeGetRequest requests success:https://magmix.jp
2022-01-27 21:40:51,107 <INFO> : executeGetRequest requests success:https://jbpress.ismedia.jp/
2022-01-27 21:40:56,002 <INFO> : executeGetRequest requests success:https://jbpress.ismedia.jp/subcategory/%E3%83%A9%E3%82%A4%E3%83%95%E3%83%BB%E6%95%99%E9%A4%8A
2022-01-27 21:40:59,283 <INFO> : executeGetRequest requests success:https://www.stv.jp/news/index.html
2022-01-27 21:41:03,572 <INFO> : executeGetRequest requests success:https://www.nikkansports.com/sports/news/
2022-01-27 21:41:06,734 <INFO> : executeGetRequest requests success:https://citrus-net.jp/
2022-01-27 21:41:10,120 <INFO> : executeGetRequest requests success:https://travel.rakuten.co.jp/mytrip/
2022-01-27 21:41:13,729 <INFO> : executeGetRequest requests success:https://autograph.ismedia.jp/
2022-01-27 21:56:30,737 <INFO> : executeGetRequest requests success:https://www.itmedia.co.jp/mobile
2022-01-27 21:56:33,923 <INFO> : executeGetRequest requests success:https://magmix.jp/
2022-01-27 21:56:37,116 <INFO> : executeGetRequest requests success:https://magmix.jp
2022-01-27 21:56:44,006 <INFO> : executeGetRequest requests success:https://jbpress.ismedia.jp/
2022-01-27 21:56:49,526 <INFO> : executeGetRequest requests success:https://jbpress.ismedia.jp/subcategory/%E3%83%A9%E3%82%A4%E3%83%95%E3%83%BB%E6%95%99%E9%A4%8A
2022-01-27 21:56:52,678 <INFO> : executeGetRequest requests success:https://www.stv.jp/news/index.html
2022-01-27 21:56:56,928 <INFO> : executeGetRequest requests success:https://www.nikkansports.com/sports/news/
2022-01-27 21:57:00,082 <INFO> : executeGetRequest requests success:https://citrus-net.jp/
2022-01-27 21:57:03,435 <INFO> : executeGetRequest requests success:https://travel.rakuten.co.jp/mytrip/
2022-01-27 21:57:07,052 <INFO> : executeGetRequest requests success:https://autograph.ismedia.jp/
2022-01-27 22:25:43,786 <INFO> : executeGetRequest requests success:https://www.itmedia.co.jp/mobile
2022-01-27 22:25:46,986 <INFO> : executeGetRequest requests success:https://magmix.jp/category/manga
2022-01-27 22:25:50,425 <INFO> : executeGetRequest requests success:https://magmix.jp
2022-01-27 22:25:53,923 <INFO> : executeGetRequest requests success:https://jbpress.ismedia.jp/
2022-01-27 22:25:57,472 <INFO> : executeGetRequest requests success:https://jbpress.ismedia.jp/subcategory/%E3%83%A9%E3%82%A4%E3%83%95%E3%83%BB%E6%95%99%E9%A4%8A
2022-01-27 22:26:00,598 <INFO> : executeGetRequest requests success:https://www.stv.jp/news/index.html
2022-01-27 22:26:03,858 <INFO> : executeGetRequest requests success:https://www.nikkansports.com/sports/news/
2022-01-27 22:26:06,973 <INFO> : executeGetRequest requests success:https://citrus-net.jp/
2022-01-27 22:26:12,263 <INFO> : executeGetRequest requests success:https://travel.rakuten.co.jp/mytrip/
2022-01-27 22:26:16,262 <INFO> : executeGetRequest requests success:https://autograph.ismedia.jp/
2022-01-27 22:27:50,278 <INFO> : executeGetRequest requests success:https://www.itmedia.co.jp/mobile
2022-01-27 22:27:53,419 <INFO> : executeGetRequest requests success:https://magmix.jp/category/manga
2022-01-27 22:27:56,562 <INFO> : executeGetRequest requests success:https://magmix.jp
2022-01-27 22:28:00,106 <INFO> : executeGetRequest requests success:https://jbpress.ismedia.jp/
2022-01-27 22:28:03,714 <INFO> : executeGetRequest requests success:https://jbpress.ismedia.jp/subcategory/%E3%83%A9%E3%82%A4%E3%83%95%E3%83%BB%E6%95%99%E9%A4%8A
2022-01-27 22:28:06,936 <INFO> : executeGetRequest requests success:https://www.stv.jp/news/index.html
2022-01-27 22:28:10,195 <INFO> : executeGetRequest requests success:https://www.nikkansports.com/sports/news/
2022-01-27 22:28:13,351 <INFO> : executeGetRequest requests success:https://citrus-net.jp/
2022-01-27 22:28:16,819 <INFO> : executeGetRequest requests success:https://travel.rakuten.co.jp/mytrip/
2022-01-27 22:28:20,417 <INFO> : executeGetRequest requests success:https://autograph.ismedia.jp/
2022-01-27 22:39:51,348 <INFO> : executeGetRequest requests success:https://www.itmedia.co.jp/mobile
2022-01-27 22:39:54,524 <INFO> : executeGetRequest requests success:https://magmix.jp/category/manga
2022-01-27 22:39:57,953 <INFO> : executeGetRequest requests success:https://magmix.jp
2022-01-27 22:40:01,539 <INFO> : executeGetRequest requests success:https://jbpress.ismedia.jp/
2022-01-27 22:40:06,615 <INFO> : executeGetRequest requests success:https://jbpress.ismedia.jp/subcategory/%E3%83%A9%E3%82%A4%E3%83%95%E3%83%BB%E6%95%99%E9%A4%8A
2022-01-27 22:40:09,805 <INFO> : executeGetRequest requests success:https://www.stv.jp/news/index.html
2022-01-27 22:40:13,157 <INFO> : executeGetRequest requests success:https://www.nikkansports.com/sports/news/
2022-01-27 22:40:16,268 <INFO> : executeGetRequest requests success:https://citrus-net.jp/
2022-01-27 22:40:19,533 <INFO> : executeGetRequest requests success:https://travel.rakuten.co.jp/mytrip/
2022-01-27 22:40:24,113 <INFO> : executeGetRequest requests success:https://autograph.ismedia.jp/
2022-01-27 22:40:37,508 <INFO> : executeGetRequest requests success:https://natalie.mu/music/pp
2022-01-27 22:49:47,795 <INFO> : executeGetRequest requests success:https://www.itmedia.co.jp/mobile
2022-01-27 22:49:50,988 <INFO> : executeGetRequest requests success:https://magmix.jp/category/manga
2022-01-27 22:49:54,125 <INFO> : executeGetRequest requests success:https://magmix.jp
2022-01-27 22:49:57,567 <INFO> : executeGetRequest requests success:https://jbpress.ismedia.jp/
2022-01-27 22:50:01,068 <INFO> : executeGetRequest requests success:https://jbpress.ismedia.jp/subcategory/%E3%83%A9%E3%82%A4%E3%83%95%E3%83%BB%E6%95%99%E9%A4%8A
2022-01-27 22:50:04,226 <INFO> : executeGetRequest requests success:https://www.stv.jp/news/index.html
2022-01-27 22:50:07,444 <INFO> : executeGetRequest requests success:https://www.nikkansports.com/sports/news/
2022-01-27 22:50:10,593 <INFO> : executeGetRequest requests success:https://citrus-net.jp/
2022-01-27 22:50:13,844 <INFO> : executeGetRequest requests success:https://travel.rakuten.co.jp/mytrip/
2022-01-27 22:50:17,859 <INFO> : executeGetRequest requests success:https://autograph.ismedia.jp/
2022-01-27 22:50:31,359 <INFO> : executeGetRequest requests success:https://natalie.mu/music/pp
2022-01-27 22:56:15,453 <INFO> : executeGetRequest requests success:https://www.itmedia.co.jp/mobile
2022-01-27 22:56:18,588 <INFO> : executeGetRequest requests success:https://magmix.jp/category/manga
2022-01-27 22:56:21,949 <INFO> : executeGetRequest requests success:https://magmix.jp
2022-01-27 22:56:25,370 <INFO> : executeGetRequest requests success:https://jbpress.ismedia.jp/
2022-01-27 22:56:31,978 <INFO> : executeGetRequest requests success:https://jbpress.ismedia.jp/subcategory/%E3%83%A9%E3%82%A4%E3%83%95%E3%83%BB%E6%95%99%E9%A4%8A
2022-01-27 22:56:35,124 <INFO> : executeGetRequest requests success:https://www.stv.jp/news/index.html
2022-01-27 22:56:38,424 <INFO> : executeGetRequest requests success:https://www.nikkansports.com/sports/news/
2022-01-27 22:56:41,595 <INFO> : executeGetRequest requests success:https://citrus-net.jp/
2022-01-27 22:56:44,905 <INFO> : executeGetRequest requests success:https://travel.rakuten.co.jp/mytrip/
2022-01-27 22:56:48,526 <INFO> : executeGetRequest requests success:https://autograph.ismedia.jp/
2022-01-27 22:56:52,449 <INFO> : executeGetRequest requests success:https://natalie.mu/music/pp
2022-01-27 23:03:18,706 <INFO> : executeGetRequest requests success:https://www.itmedia.co.jp/mobile
2022-01-27 23:03:21,886 <INFO> : executeGetRequest requests success:https://magmix.jp/category/manga
2022-01-27 23:03:25,313 <INFO> : executeGetRequest requests success:https://magmix.jp
2022-01-27 23:03:28,728 <INFO> : executeGetRequest requests success:https://jbpress.ismedia.jp/
2022-01-27 23:03:33,587 <INFO> : executeGetRequest requests success:https://jbpress.ismedia.jp/subcategory/%E3%83%A9%E3%82%A4%E3%83%95%E3%83%BB%E6%95%99%E9%A4%8A
2022-01-27 23:03:36,746 <INFO> : executeGetRequest requests success:https://www.stv.jp/news/index.html
2022-01-27 23:03:40,090 <INFO> : executeGetRequest requests success:https://www.nikkansports.com/sports/news/
2022-01-27 23:03:43,237 <INFO> : executeGetRequest requests success:https://citrus-net.jp/
2022-01-27 23:03:46,534 <INFO> : executeGetRequest requests success:https://travel.rakuten.co.jp/mytrip/
2022-01-27 23:03:50,123 <INFO> : executeGetRequest requests success:https://autograph.ismedia.jp/
2022-01-27 23:03:53,529 <INFO> : executeGetRequest requests success:https://natalie.mu/music/pp
2022-01-27 23:10:39,056 <INFO> : executeGetRequest requests success:https://www.itmedia.co.jp/mobile
2022-01-27 23:10:42,438 <INFO> : executeGetRequest requests success:https://magmix.jp/category/manga
2022-01-27 23:10:45,564 <INFO> : executeGetRequest requests success:https://magmix.jp
2022-01-27 23:10:49,026 <INFO> : executeGetRequest requests success:https://jbpress.ismedia.jp/
2022-01-27 23:10:53,965 <INFO> : executeGetRequest requests success:https://jbpress.ismedia.jp/subcategory/%E3%83%A9%E3%82%A4%E3%83%95%E3%83%BB%E6%95%99%E9%A4%8A
2022-01-27 23:10:57,093 <INFO> : executeGetRequest requests success:https://www.stv.jp/news/index.html
2022-01-27 23:11:00,569 <INFO> : executeGetRequest requests success:https://www.nikkansports.com/sports/news/
2022-01-27 23:11:03,760 <INFO> : executeGetRequest requests success:https://citrus-net.jp/
2022-01-27 23:11:07,028 <INFO> : executeGetRequest requests success:https://travel.rakuten.co.jp/mytrip/
2022-01-27 23:11:10,520 <INFO> : executeGetRequest requests success:https://autograph.ismedia.jp/
2022-01-27 23:11:14,390 <INFO> : executeGetRequest requests success:https://natalie.mu/music/pp
2022-01-27 23:15:04,751 <INFO> : executeGetRequest requests success:https://www.itmedia.co.jp/mobile
2022-01-27 23:15:07,929 <INFO> : executeGetRequest requests success:https://magmix.jp/category/manga
2022-01-27 23:15:11,059 <INFO> : executeGetRequest requests success:https://magmix.jp
2022-01-27 23:15:14,699 <INFO> : executeGetRequest requests success:https://jbpress.ismedia.jp/
2022-01-27 23:15:18,261 <INFO> : executeGetRequest requests success:https://jbpress.ismedia.jp/subcategory/%E3%83%A9%E3%82%A4%E3%83%95%E3%83%BB%E6%95%99%E9%A4%8A
2022-01-27 23:15:21,387 <INFO> : executeGetRequest requests success:https://www.stv.jp/news/index.html
2022-01-27 23:15:24,753 <INFO> : executeGetRequest requests success:https://www.nikkansports.com/sports/news/
2022-01-27 23:15:27,882 <INFO> : executeGetRequest requests success:https://citrus-net.jp/
2022-01-27 23:15:31,165 <INFO> : executeGetRequest requests success:https://travel.rakuten.co.jp/mytrip/
2022-01-27 23:15:34,688 <INFO> : executeGetRequest requests success:https://autograph.ismedia.jp/
2022-01-27 23:15:38,256 <INFO> : executeGetRequest requests success:https://natalie.mu/music/pp
