2022-01-25 01:47:34,446 <INFO> : executeGetRequest requests success:https://www.kyodo.co.jp
2022-01-25 01:47:37,814 <INFO> : executeGetRequest requests success:https://magmix.jp/
2022-01-25 01:47:40,938 <INFO> : executeGetRequest requests success:https://magmix.jp
2022-01-25 01:47:46,240 <INFO> : executeGetRequest requests success:https://jbpress.ismedia.jp/subcategory/%E3%83%A9%E3%82%A4%E3%83%95%E3%83%BB%E6%95%99%E9%A4%8A
2022-01-25 01:47:49,494 <INFO> : executeGetRequest requests success:https://www.nikkansports.com/sports/news/
2022-01-25 01:47:52,596 <INFO> : executeGetRequest requests success:https://citrus-net.jp/
2022-01-25 01:47:55,863 <INFO> : executeGetRequest requests success:https://travel.rakuten.co.jp/mytrip/
2022-01-25 01:47:59,461 <INFO> : executeGetRequest requests success:https://autograph.ismedia.jp/
2022-01-25 22:50:45,222 <INFO> : executeGetRequest requests success:https://www.kyodo.co.jp
2022-01-25 22:50:48,956 <INFO> : executeGetRequest requests success:https://www.itmedia.co.jp/mobile
2022-01-25 22:50:52,236 <INFO> : executeGetRequest requests success:https://magmix.jp/
2022-01-25 22:50:55,442 <INFO> : executeGetRequest requests success:https://magmix.jp
2022-01-25 22:50:59,039 <INFO> : executeGetRequest requests success:https://jbpress.ismedia.jp/
2022-01-25 22:51:04,600 <INFO> : executeGetRequest requests success:https://jbpress.ismedia.jp/subcategory/%E3%83%A9%E3%82%A4%E3%83%95%E3%83%BB%E6%95%99%E9%A4%8A
2022-01-25 22:51:07,829 <INFO> : executeGetRequest requests success:https://www.stv.jp/news/index.html
2022-01-25 22:51:11,214 <INFO> : executeGetRequest requests success:https://www.nikkansports.com/sports/news/
2022-01-25 22:51:14,464 <INFO> : executeGetRequest requests success:https://citrus-net.jp/
2022-01-25 22:51:17,925 <INFO> : executeGetRequest requests success:https://travel.rakuten.co.jp/mytrip/
2022-01-25 22:51:22,168 <INFO> : executeGetRequest requests success:https://autograph.ismedia.jp/
2022-01-25 23:02:50,849 <INFO> : executeGetRequest requests success:https://www.kyodo.co.jp
2022-01-25 23:02:54,444 <INFO> : executeGetRequest requests success:https://www.itmedia.co.jp/mobile
2022-01-25 23:02:58,011 <INFO> : executeGetRequest requests success:https://magmix.jp/
2022-01-25 23:03:01,213 <INFO> : executeGetRequest requests success:https://magmix.jp
2022-01-25 23:03:04,815 <INFO> : executeGetRequest requests success:https://jbpress.ismedia.jp/
2022-01-25 23:03:11,152 <INFO> : executeGetRequest requests success:https://jbpress.ismedia.jp/subcategory/%E3%83%A9%E3%82%A4%E3%83%95%E3%83%BB%E6%95%99%E9%A4%8A
2022-01-25 23:03:14,428 <INFO> : executeGetRequest requests success:https://www.stv.jp/news/index.html
2022-01-25 23:03:17,836 <INFO> : executeGetRequest requests success:https://www.nikkansports.com/sports/news/
2022-01-25 23:03:21,050 <INFO> : executeGetRequest requests success:https://citrus-net.jp/
2022-01-25 23:03:24,527 <INFO> : executeGetRequest requests success:https://travel.rakuten.co.jp/mytrip/
2022-01-25 23:03:28,298 <INFO> : executeGetRequest requests success:https://autograph.ismedia.jp/
