2022-01-24 08:56:21,493 <ERROR> :  occered at executeGetRequest <class 'ValueError'>1
2022-01-24 08:56:21,494 <ERROR> : Traceback (most recent call last):
  File "./py/connect.py", line 200, in executeGetRequest
    root = lxml.html.fromstring(html)
  File "C:\Users\waard\Desktop\my-app\py\env_v3.8.12\lib\site-packages\lxml\html\__init__.py", line 875, in fromstring
    doc = document_fromstring(html, parser=parser, base_url=base_url, **kw)
  File "C:\Users\waard\Desktop\my-app\py\env_v3.8.12\lib\site-packages\lxml\html\__init__.py", line 761, in document_fromstring
    value = etree.fromstring(html, parser, **kw)
  File "src\lxml\etree.pyx", line 3252, in lxml.etree.fromstring
  File "src\lxml\parser.pxi", line 1907, in lxml.etree._parseMemoryDocument
ValueError: Unicode strings with encoding declaration are not supported. Please use bytes input or XML fragments without declaration.

2022-01-24 08:56:55,268 <ERROR> :  occered at executeGetRequest requests failed:https://www.jiji.com/jc/c?g=pol
2022-01-24 08:56:58,648 <ERROR> :  occered at executeGetRequest requests failed:https://www.jiji.com/jc/c?g=pol
2022-01-24 08:57:01,997 <ERROR> :  occered at executeGetRequest requests failed:https://www.jiji.com/jc/c?g=pol
2022-01-24 08:57:05,011 <ERROR> :  occered at executeGetRequest Max retries exceeded with urlhttps://www.jiji.com/jc/c?g=pol
2022-01-24 15:20:06,263 <ERROR> :  occered at executeGetRequest <class 'ValueError'>1
2022-01-24 15:20:06,269 <ERROR> : Traceback (most recent call last):
  File "./py/connect.py", line 200, in executeGetRequest
    root = lxml.html.fromstring(html)
  File "C:\Users\waard\Desktop\my-app\py\env_v3.8.12\lib\site-packages\lxml\html\__init__.py", line 875, in fromstring
    doc = document_fromstring(html, parser=parser, base_url=base_url, **kw)
  File "C:\Users\waard\Desktop\my-app\py\env_v3.8.12\lib\site-packages\lxml\html\__init__.py", line 761, in document_fromstring
    value = etree.fromstring(html, parser, **kw)
  File "src\lxml\etree.pyx", line 3252, in lxml.etree.fromstring
  File "src\lxml\parser.pxi", line 1907, in lxml.etree._parseMemoryDocument
ValueError: Unicode strings with encoding declaration are not supported. Please use bytes input or XML fragments without declaration.

2022-01-24 15:20:47,534 <ERROR> :  occered at executeGetRequest requests failed:https://www.jiji.com/jc/c?g=pol
2022-01-24 15:20:50,971 <ERROR> :  occered at executeGetRequest requests failed:https://www.jiji.com/jc/c?g=pol
2022-01-24 15:20:54,400 <ERROR> :  occered at executeGetRequest requests failed:https://www.jiji.com/jc/c?g=pol
2022-01-24 15:20:57,414 <ERROR> :  occered at executeGetRequest Max retries exceeded with urlhttps://www.jiji.com/jc/c?g=pol
