2022-01-27 21:40:35,095 <ERROR> :  occered at executeGetRequest <class 'ValueError'>1
2022-01-27 21:40:35,096 <ERROR> : Traceback (most recent call last):
  File "./py/connect.py", line 212, in executeGetRequest
    root = lxml.html.fromstring(html)
  File "C:\Users\waard\Desktop\my-app\py\env_v3.8.12\lib\site-packages\lxml\html\__init__.py", line 875, in fromstring
    doc = document_fromstring(html, parser=parser, base_url=base_url, **kw)
  File "C:\Users\waard\Desktop\my-app\py\env_v3.8.12\lib\site-packages\lxml\html\__init__.py", line 761, in document_fromstring
    value = etree.fromstring(html, parser, **kw)
  File "src\lxml\etree.pyx", line 3252, in lxml.etree.fromstring
  File "src\lxml\parser.pxi", line 1907, in lxml.etree._parseMemoryDocument
ValueError: Unicode strings with encoding declaration are not supported. Please use bytes input or XML fragments without declaration.

2022-01-27 21:57:10,412 <ERROR> :  occered at executeGetRequest requests failed:https://www.excite.co.jp/news/world-topic/
2022-01-27 21:57:13,691 <ERROR> :  occered at executeGetRequest requests failed:https://www.excite.co.jp/news/world-topic/
2022-01-27 21:57:16,984 <ERROR> :  occered at executeGetRequest requests failed:https://www.excite.co.jp/news/world-topic/
2022-01-27 21:57:19,994 <ERROR> :  occered at executeGetRequest Max retries exceeded with urlhttps://www.excite.co.jp/news/world-topic/
2022-01-27 22:06:02,478 <ERROR> :  occered at main jsonFile not found: ./backend/data/crawling/
2022-01-27 22:08:19,439 <ERROR> :  occered at main jsonFile not found: C:/Users/waard/Desktop/my-app/backend/data/crawling
2022-01-27 22:26:19,903 <ERROR> :  occered at executeGetRequest requests failed:https://www.excite.co.jp/news/world-topic/
2022-01-27 22:26:23,168 <ERROR> :  occered at executeGetRequest requests failed:https://www.excite.co.jp/news/world-topic/
2022-01-27 22:26:26,411 <ERROR> :  occered at executeGetRequest requests failed:https://www.excite.co.jp/news/world-topic/
2022-01-27 22:26:29,419 <ERROR> :  occered at executeGetRequest Max retries exceeded with urlhttps://www.excite.co.jp/news/world-topic/
2022-01-27 22:28:23,869 <ERROR> :  occered at executeGetRequest requests failed:https://www.excite.co.jp/news/world-topic/
2022-01-27 22:28:27,224 <ERROR> :  occered at executeGetRequest requests failed:https://www.excite.co.jp/news/world-topic/
2022-01-27 22:28:30,527 <ERROR> :  occered at executeGetRequest requests failed:https://www.excite.co.jp/news/world-topic/
2022-01-27 22:28:33,542 <ERROR> :  occered at executeGetRequest Max retries exceeded with urlhttps://www.excite.co.jp/news/world-topic/
2022-01-27 22:40:27,461 <ERROR> :  occered at executeGetRequest requests failed:https://www.excite.co.jp/news/world-topic/
2022-01-27 22:40:30,702 <ERROR> :  occered at executeGetRequest requests failed:https://www.excite.co.jp/news/world-topic/
2022-01-27 22:40:33,967 <ERROR> :  occered at executeGetRequest requests failed:https://www.excite.co.jp/news/world-topic/
2022-01-27 22:40:36,977 <ERROR> :  occered at executeGetRequest Max retries exceeded with urlhttps://www.excite.co.jp/news/world-topic/
2022-01-27 22:50:21,468 <ERROR> :  occered at executeGetRequest requests failed:https://www.excite.co.jp/news/world-topic/
2022-01-27 22:50:24,774 <ERROR> :  occered at executeGetRequest requests failed:https://www.excite.co.jp/news/world-topic/
2022-01-27 22:50:28,014 <ERROR> :  occered at executeGetRequest requests failed:https://www.excite.co.jp/news/world-topic/
2022-01-27 22:50:31,015 <ERROR> :  occered at executeGetRequest Max retries exceeded with urlhttps://www.excite.co.jp/news/world-topic/
